0 info it worked if it ends with ok
1 verbose cli [ 'C:\\Program Files\\nodejs\\node.exe',
1 verbose cli   'C:\\Users\\brand_oywirwk\\AppData\\Roaming\\npm\\node_modules\\npm\\bin\\npm-cli.js',
1 verbose cli   'publish',
1 verbose cli   '--tag',
1 verbose cli   'latest' ]
2 info using npm@3.10.10
3 info using node@v9.3.0
4 verbose publish [ '.' ]
5 verbose stack Error: kill ENOSYS
5 verbose stack     at Object._errnoException (util.js:999:13)
5 verbose stack     at process.kill (internal/process.js:173:18)
5 verbose stack     at process.listener (C:\Users\brand_oywirwk\AppData\Roaming\npm\node_modules\npm\node_modules\npmlog\node_modules\gauge\node_modules\signal-exit\index.js:86:15)
5 verbose stack     at process.emit (events.js:164:20)
5 verbose stack     at processEmit (C:\Users\brand_oywirwk\AppData\Roaming\npm\node_modules\npm\node_modules\npmlog\node_modules\gauge\node_modules\signal-exit\index.js:146:32)
5 verbose stack     at processEmit (C:\Users\brand_oywirwk\AppData\Roaming\npm\node_modules\npm\node_modules\npm-registry-client\node_modules\npmlog\node_modules\gauge\node_modules\signal-exit\index.js:146:32)
5 verbose stack     at Signal.wrap.onsignal (internal/process.js:198:44)
6 verbose cwd C:\Users\brand_oywirwk\Desktop\marty\packages\csharp
7 error Windows_NT 10.0.16299
8 error argv "C:\\Program Files\\nodejs\\node.exe" "C:\\Users\\brand_oywirwk\\AppData\\Roaming\\npm\\node_modules\\npm\\bin\\npm-cli.js" "publish" "--tag" "latest"
9 error node v9.3.0
10 error npm  v3.10.10
11 error code ENOSYS
12 error errno ENOSYS
13 error syscall kill
14 error kill ENOSYS
15 error If you need help, you may report this error at:
15 error     <https://github.com/npm/npm/issues>
16 verbose exit [ 1, true ]
